{
  "stats": {
    "suites": 1,
    "tests": 1,
    "passes": 1,
    "pending": 0,
    "failures": 0,
    "start": "2025-08-10T03:03:03.136Z",
    "end": "2025-08-10T03:03:07.213Z",
    "duration": 4077,
    "testsRegistered": 1,
    "passPercent": 100,
    "pendingPercent": 0,
    "other": 0,
    "hasOther": false,
    "skipped": 0,
    "hasSkipped": false
  },
  "results": [
    {
      "uuid": "01308df4-d243-4fda-8ce8-9faca22e023a",
      "title": "",
      "fullFile": "cypress\\e2e\\tests\\home.cy.js",
      "file": "cypress\\e2e\\tests\\home.cy.js",
      "beforeHooks": [],
      "afterHooks": [],
      "tests": [],
      "suites": [
        {
          "uuid": "e41c9648-0f04-4f58-a879-96083a33c976",
          "title": "Home Page",
          "fullFile": "",
          "file": "",
          "beforeHooks": [],
          "afterHooks": [],
          "tests": [
            {
              "title": "Should Load Home Page",
              "fullTitle": "Home Page Should Load Home Page",
              "timedOut": null,
              "duration": 4030,
              "state": "passed",
              "speed": "fast",
              "pass": true,
              "fail": false,
              "pending": false,
              "context": null,
              "code": "cy.visit('/');\ncy.contains('AutomationExercise').should('be.visible');",
              "err": {},
              "uuid": "36459a39-6440-486f-9933-41f3fc40b8d3",
              "parentUUID": "e41c9648-0f04-4f58-a879-96083a33c976",
              "isHook": false,
              "skipped": false
            }
          ],
          "suites": [],
          "passes": [
            "36459a39-6440-486f-9933-41f3fc40b8d3"
          ],
          "failures": [],
          "pending": [],
          "skipped": [],
          "duration": 4030,
          "root": false,
          "rootEmpty": false,
          "_timeout": 2000
        }
      ],
      "passes": [],
      "failures": [],
      "pending": [],
      "skipped": [],
      "duration": 0,
      "root": true,
      "rootEmpty": true,
      "_timeout": 2000
    }
  ],
  "meta": {
    "mocha": {
      "version": "7.2.0"
    },
    "mochawesome": {
      "options": {
        "quiet": false,
        "reportFilename": "mochawesome",
        "saveHtml": false,
        "saveJson": true,
        "consoleReporter": "spec",
        "useInlineDiffs": false,
        "code": true
      },
      "version": "7.1.3"
    },
    "marge": {
      "options": {
        "reportDir": "cypress/reports",
        "overwrite": false,
        "html": false,
        "json": true
      },
      "version": "6.2.0"
    }
  }
}